Arguments: 
  /home/mhf/software/node/node-v8.9.0-linux-x64/bin/node /usr/share/yarn/bin/yarn.js run p-css

PATH: 
  /home/mhf/.cargo/bin:/home/mhf/bin:/home/mhf/.local/bin:/usr/local/cuda-8.0/bin::/home/mhf/software/clang/bin:/home/mhf/software/cmake/bin:/home/mhf/software/blender/blender:/home/mhf/android/sdk/platform-tools:/home/mhf/android/sdk/tools:/home/mhf/software/gradle/gradle-4.3.1/bin:/home/mhf/.yarn/bin:/home/mhf/software/node/bin:/home/mhf/software/nsq/bin:/home/mhf/software/mongo/bin:/usr/local/go/bin:/home/mhf/go/bin:/home/mhf/.bin:/usr/local/cuda-8.0/bin::/home/mhf/software/clang/bin:/home/mhf/software/cmake/bin:/home/mhf/software/blender/blender:/home/mhf/android/sdk/platform-tools:/home/mhf/android/sdk/tools:/home/mhf/software/gradle/gradle-4.3.1/bin:/home/mhf/.yarn/bin:/home/mhf/software/node/bin:/home/mhf/software/nsq/bin:/home/mhf/software/mongo/bin:/usr/local/go/bin:/home/mhf/go/bin:/home/mhf/.bin:/home/mhf/.cargo/bin:/home/mhf/bin:/home/mhf/.local/bin:/usr/local/sbin:/usr/local/bin:/usr/sbin:/usr/bin:/sbin:/bin:/usr/games:/usr/local/games:/snap/bin

Yarn version: 
  1.5.1

Node version: 
  8.9.0

Platform: 
  linux x64

npm manifest: 
  {
    "main":"./aa-index.js",
    "browserify": {
      "transform": [
        "babelify",
        "vueify"
      ]
    }
  }

yarn manifest: 
  No manifest

Lockfile: 
  No lockfile

Trace: 
  Error: Command "p-css" not found.
      at new MessageError (/usr/share/yarn/lib/cli.js:186:110)
      at /usr/share/yarn/lib/cli.js:87307:17
      at Generator.next (<anonymous>)
      at step (/usr/share/yarn/lib/cli.js:98:30)
      at /usr/share/yarn/lib/cli.js:116:14
      at new Promise (<anonymous>)
      at new F (/usr/share/yarn/lib/cli.js:23451:28)
      at /usr/share/yarn/lib/cli.js:95:12
      at runCommand (/usr/share/yarn/lib/cli.js:87312:22)
      at Object.<anonymous> (/usr/share/yarn/lib/cli.js:87412:14)
